-------------------------------------------------------------------------------
Test set: com.beta.gestion_panier_commande.GestionPanierCommandeV2ApplicationTests
-------------------------------------------------------------------------------
Tests run: 1, Failures: 0, Errors: 1, Skipped: 0, Time elapsed: 12.808 s <<< FAILURE! - in com.beta.gestion_panier_commande.GestionPanierCommandeV2ApplicationTests
contextLoads  Time elapsed: 0.025 s  <<< ERROR!
java.lang.IllegalStateException: Failed to load ApplicationContext
Caused by: org.springframework.beans.factory.UnsatisfiedDependencyException: Error creating bean with name 'paymentController': Unsatisfied dependency expressed through field 'service'; nested exception is org.springframework.beans.factory.UnsatisfiedDependencyException: Error creating bean with name 'payPalService': Unsatisfied dependency expressed through field 'apiContext'; nested exception is org.springframework.beans.factory.BeanCreationException: Error creating bean with name 'apiContext' defined in class path resource [com/beta/gestion_panier_commande/Config/PayPalConfig.class]: Bean instantiation via factory method failed; nested exception is org.springframework.beans.BeanInstantiationException: Failed to instantiate [com.paypal.base.rest.APIContext]: Factory method 'apiContext' threw exception; nested exception is response-code: 401	details: name: null	message: null	details: null	debug-id: null	information-link: null
Caused by: org.springframework.beans.factory.UnsatisfiedDependencyException: Error creating bean with name 'payPalService': Unsatisfied dependency expressed through field 'apiContext'; nested exception is org.springframework.beans.factory.BeanCreationException: Error creating bean with name 'apiContext' defined in class path resource [com/beta/gestion_panier_commande/Config/PayPalConfig.class]: Bean instantiation via factory method failed; nested exception is org.springframework.beans.BeanInstantiationException: Failed to instantiate [com.paypal.base.rest.APIContext]: Factory method 'apiContext' threw exception; nested exception is response-code: 401	details: name: null	message: null	details: null	debug-id: null	information-link: null
Caused by: org.springframework.beans.factory.BeanCreationException: Error creating bean with name 'apiContext' defined in class path resource [com/beta/gestion_panier_commande/Config/PayPalConfig.class]: Bean instantiation via factory method failed; nested exception is org.springframework.beans.BeanInstantiationException: Failed to instantiate [com.paypal.base.rest.APIContext]: Factory method 'apiContext' threw exception; nested exception is response-code: 401	details: name: null	message: null	details: null	debug-id: null	information-link: null
Caused by: org.springframework.beans.BeanInstantiationException: Failed to instantiate [com.paypal.base.rest.APIContext]: Factory method 'apiContext' threw exception; nested exception is response-code: 401	details: name: null	message: null	details: null	debug-id: null	information-link: null
Caused by: com.paypal.base.rest.PayPalRESTException: Response code: 401	Error response: {"error":"invalid_client","error_description":"Client Authentication failed"}
Caused by: com.paypal.base.exception.HttpErrorException: Response code: 401	Error response: {"error":"invalid_client","error_description":"Client Authentication failed"}
Caused by: java.io.IOException: Server returned HTTP response code: 401 for URL: https://api.sandbox.paypal.com/v1/oauth2/token
Caused by: java.io.IOException: Server returned HTTP response code: 401 for URL: https://api.sandbox.paypal.com/v1/oauth2/token

